Pig Stack Trace
---------------
ERROR 2017: Internal error creating job configuration.

org.apache.pig.backend.hadoop.executionengine.mapReduceLayer.JobCreationException: ERROR 2017: Internal error creating job configuration.
	at org.apache.pig.backend.hadoop.executionengine.mapReduceLayer.JobControlCompiler.getJob(JobControlCompiler.java:855)
	at org.apache.pig.backend.hadoop.executionengine.mapReduceLayer.JobControlCompiler.compile(JobControlCompiler.java:294)
	at org.apache.pig.backend.hadoop.executionengine.mapReduceLayer.MapReduceLauncher.launchPig(MapReduceLauncher.java:177)
	at org.apache.pig.PigServer.launchPlan(PigServer.java:1264)
	at org.apache.pig.PigServer.executeCompiledLogicalPlan(PigServer.java:1249)
	at org.apache.pig.PigServer.execute(PigServer.java:1239)
	at org.apache.pig.PigServer.executeBatch(PigServer.java:333)
	at org.apache.pig.tools.grunt.GruntParser.executeBatch(GruntParser.java:137)
	at org.apache.pig.tools.grunt.GruntParser.parseStopOnError(GruntParser.java:198)
	at org.apache.pig.tools.grunt.GruntParser.parseStopOnError(GruntParser.java:170)
	at org.apache.pig.tools.grunt.Grunt.exec(Grunt.java:84)
	at org.apache.pig.Main.run(Main.java:479)
	at org.apache.pig.Main.main(Main.java:159)
	at sun.reflect.NativeMethodAccessorImpl.invoke0(Native Method)
	at sun.reflect.NativeMethodAccessorImpl.invoke(NativeMethodAccessorImpl.java:57)
	at sun.reflect.DelegatingMethodAccessorImpl.invoke(DelegatingMethodAccessorImpl.java:43)
	at java.lang.reflect.Method.invoke(Method.java:606)
	at org.apache.hadoop.util.RunJar.main(RunJar.java:187)
Caused by: java.lang.IllegalArgumentException: java.net.URISyntaxException: Relative path in absolute URI: hbase://pairs_logs
	at org.apache.hadoop.fs.Path.initialize(Path.java:148)
	at org.apache.hadoop.fs.Path.<init>(Path.java:71)
	at org.apache.hadoop.fs.Path.<init>(Path.java:45)
	at org.apache.pig.backend.hadoop.executionengine.mapReduceLayer.JobControlCompiler.getJob(JobControlCompiler.java:607)
	... 17 more
Caused by: java.net.URISyntaxException: Relative path in absolute URI: hbase://pairs_logs
	at java.net.URI.checkPath(URI.java:1804)
	at java.net.URI.<init>(URI.java:752)
	at org.apache.hadoop.fs.Path.initialize(Path.java:145)
	... 20 more
================================================================================
